<?xml version="1.0" encoding="UTF-8"?>
<testng-results ignored="0" total="3" passed="2" failed="1" skipped="0">
  <reporter-output>
  </reporter-output>
  <suite started-at="2024-02-01T23:36:19 AEDT" name="Lambda Automation tests" finished-at="2024-02-01T23:36:48 AEDT" duration-ms="29435">
    <groups>
    </groups>
    <test started-at="2024-02-01T23:36:19 AEDT" name="Selenium Playground" finished-at="2024-02-01T23:36:48 AEDT" duration-ms="29435">
      <class name="com.lambdatest.tests.SimpleTestScenario">
        <test-method is-config="true" signature="launchBrowser(java.lang.String)[pri:0, instance:com.lambdatest.tests.SimpleTestScenario@2313052e]" started-at="2024-02-01T23:36:19 AEDT" name="launchBrowser" finished-at="2024-02-01T23:36:26 AEDT" duration-ms="7172" status="PASS">
          <params>
            <param index="0">
              <value>
                <![CDATA[firefox]]>
              </value>
            </param>
          </params>
          <reporter-output>
          </reporter-output>
        </test-method> <!-- launchBrowser -->
        <test-method signature="validateCheckBoxSelection()[pri:0, instance:com.lambdatest.tests.SimpleTestScenario@2313052e]" started-at="2024-02-01T23:36:26 AEDT" name="validateCheckBoxSelection" finished-at="2024-02-01T23:36:31 AEDT" duration-ms="4804" status="PASS">
          <reporter-output>
          </reporter-output>
        </test-method> <!-- validateCheckBoxSelection -->
        <test-method is-config="true" signature="closeBrowser()[pri:0, instance:com.lambdatest.tests.SimpleTestScenario@2313052e]" started-at="2024-02-01T23:36:31 AEDT" name="closeBrowser" finished-at="2024-02-01T23:36:32 AEDT" duration-ms="772" status="PASS">
          <reporter-output>
          </reporter-output>
        </test-method> <!-- closeBrowser -->
        <test-method is-config="true" signature="takeScreenshot(org.testng.ITestResult)[pri:0, instance:com.lambdatest.tests.SimpleTestScenario@2313052e]" started-at="2024-02-01T23:36:32 AEDT" name="takeScreenshot" finished-at="2024-02-01T23:36:32 AEDT" duration-ms="1" status="PASS">
          <params>
            <param index="0">
              <value>
                <![CDATA[[TestResult name=validateCheckBoxSelection status=SUCCESS method=SimpleTestScenario.validateCheckBoxSelection()[pri:0, instance:com.lambdatest.tests.SimpleTestScenario@2313052e] output={null}]]]>
              </value>
            </param>
          </params>
          <reporter-output>
          </reporter-output>
        </test-method> <!-- takeScreenshot -->
        <test-method is-config="true" signature="launchBrowser(java.lang.String)[pri:0, instance:com.lambdatest.tests.SimpleTestScenario@2313052e]" started-at="2024-02-01T23:36:32 AEDT" name="launchBrowser" finished-at="2024-02-01T23:36:34 AEDT" duration-ms="2588" status="PASS">
          <params>
            <param index="0">
              <value>
                <![CDATA[firefox]]>
              </value>
            </param>
          </params>
          <reporter-output>
          </reporter-output>
        </test-method> <!-- launchBrowser -->
        <test-method signature="validateJavaScriptAlertBox()[pri:0, instance:com.lambdatest.tests.SimpleTestScenario@2313052e]" started-at="2024-02-01T23:36:34 AEDT" name="validateJavaScriptAlertBox" finished-at="2024-02-01T23:36:37 AEDT" duration-ms="3018" status="PASS">
          <reporter-output>
          </reporter-output>
        </test-method> <!-- validateJavaScriptAlertBox -->
        <test-method is-config="true" signature="closeBrowser()[pri:0, instance:com.lambdatest.tests.SimpleTestScenario@2313052e]" started-at="2024-02-01T23:36:37 AEDT" name="closeBrowser" finished-at="2024-02-01T23:36:38 AEDT" duration-ms="836" status="PASS">
          <reporter-output>
          </reporter-output>
        </test-method> <!-- closeBrowser -->
        <test-method is-config="true" signature="takeScreenshot(org.testng.ITestResult)[pri:0, instance:com.lambdatest.tests.SimpleTestScenario@2313052e]" started-at="2024-02-01T23:36:38 AEDT" name="takeScreenshot" finished-at="2024-02-01T23:36:38 AEDT" duration-ms="0" status="PASS">
          <params>
            <param index="0">
              <value>
                <![CDATA[[TestResult name=validateJavaScriptAlertBox status=SUCCESS method=SimpleTestScenario.validateJavaScriptAlertBox()[pri:0, instance:com.lambdatest.tests.SimpleTestScenario@2313052e] output={null}]]]>
              </value>
            </param>
          </params>
          <reporter-output>
          </reporter-output>
        </test-method> <!-- takeScreenshot -->
        <test-method is-config="true" signature="launchBrowser(java.lang.String)[pri:0, instance:com.lambdatest.tests.SimpleTestScenario@2313052e]" started-at="2024-02-01T23:36:38 AEDT" name="launchBrowser" finished-at="2024-02-01T23:36:48 AEDT" duration-ms="9541" status="PASS">
          <params>
            <param index="0">
              <value>
                <![CDATA[firefox]]>
              </value>
            </param>
          </params>
          <reporter-output>
          </reporter-output>
        </test-method> <!-- launchBrowser -->
        <test-method signature="validateTitleOfHomePage()[pri:0, instance:com.lambdatest.tests.SimpleTestScenario@2313052e]" started-at="2024-02-01T23:36:48 AEDT" name="validateTitleOfHomePage" finished-at="2024-02-01T23:36:48 AEDT" duration-ms="37" status="FAIL">
          <exception class="java.lang.AssertionError">
            <message>
              <![CDATA[The following asserts failed:
Expected Title is different from Actual title 
Expected is: LambdaTest
Actual is: Selenium Grid Online | Run Selenium Test On Cloud expected [LambdaTest] but found [Selenium Grid Online | Run Selenium Test On Cloud]]]>
            </message>
            <full-stacktrace>
              <![CDATA[java.lang.AssertionError: The following asserts failed:
Expected Title is different from Actual title 
Expected is: LambdaTest
Actual is: Selenium Grid Online | Run Selenium Test On Cloud expected [LambdaTest] but found [Selenium Grid Online | Run Selenium Test On Cloud]
at org.testng.asserts.SoftAssert.assertAll(SoftAssert.java:46)
at org.testng.asserts.SoftAssert.assertAll(SoftAssert.java:30)
at com.lambdatest.tests.SimpleTestScenario.validateTitleOfHomePage(SimpleTestScenario.java:66)
at java.base/jdk.internal.reflect.NativeMethodAccessorImpl.invoke0(Native Method)
at java.base/jdk.internal.reflect.NativeMethodAccessorImpl.invoke(NativeMethodAccessorImpl.java:77)
at java.base/jdk.internal.reflect.DelegatingMethodAccessorImpl.invoke(DelegatingMethodAccessorImpl.java:43)
at java.base/java.lang.reflect.Method.invoke(Method.java:568)
at org.testng.internal.invokers.MethodInvocationHelper.invokeMethod(MethodInvocationHelper.java:139)
at org.testng.internal.invokers.InvokeMethodRunnable.runOne(InvokeMethodRunnable.java:47)
at org.testng.internal.invokers.InvokeMethodRunnable.call(InvokeMethodRunnable.java:76)
at org.testng.internal.invokers.InvokeMethodRunnable.call(InvokeMethodRunnable.java:11)
at java.base/java.util.concurrent.FutureTask.run(FutureTask.java:264)
at java.base/java.util.concurrent.ThreadPoolExecutor.runWorker(ThreadPoolExecutor.java:1136)
at java.base/java.util.concurrent.ThreadPoolExecutor$Worker.run(ThreadPoolExecutor.java:635)
at java.base/java.lang.Thread.run(Thread.java:833)
]]>
            </full-stacktrace>
          </exception> <!-- java.lang.AssertionError -->
          <reporter-output>
          </reporter-output>
        </test-method> <!-- validateTitleOfHomePage -->
        <test-method is-config="true" signature="closeBrowser()[pri:0, instance:com.lambdatest.tests.SimpleTestScenario@2313052e]" started-at="2024-02-01T23:36:48 AEDT" name="closeBrowser" finished-at="2024-02-01T23:36:48 AEDT" duration-ms="617" status="PASS">
          <reporter-output>
          </reporter-output>
        </test-method> <!-- closeBrowser -->
        <test-method is-config="true" signature="takeScreenshot(org.testng.ITestResult)[pri:0, instance:com.lambdatest.tests.SimpleTestScenario@2313052e]" started-at="2024-02-01T23:36:48 AEDT" name="takeScreenshot" finished-at="2024-02-01T23:36:48 AEDT" duration-ms="5" status="FAIL">
          <params>
            <param index="0">
              <value>
                <![CDATA[[TestResult name=validateTitleOfHomePage status=FAILURE method=SimpleTestScenario.validateTitleOfHomePage()[pri:0, instance:com.lambdatest.tests.SimpleTestScenario@2313052e] output={null}]]]>
              </value>
            </param>
          </params>
          <exception class="org.openqa.selenium.NoSuchSessionException">
            <message>
              <![CDATA[Session ID is null. Using WebDriver after calling quit()?
Build info: version: '4.16.1', revision: '9b4c83354e'
System info: os.name: 'Windows 11', os.arch: 'amd64', os.version: '10.0', java.version: '17.0.4.1'
Driver info: org.openqa.selenium.firefox.FirefoxDriver
Command: [null, screenshot {}]
Capabilities {acceptInsecureCerts: true, browserName: firefox, browserVersion: 122.0, moz:accessibilityChecks: false, moz:buildID: 20240118164516, moz:debuggerAddress: 127.0.0.1:9438, moz:geckodriverVersion: 0.34.0, moz:headless: false, moz:platformVersion: 10.0, moz:processID: 18932, moz:profile: C:\Users\palli\AppData\Loca..., moz:shutdownTimeout: 60000, moz:webdriverClick: true, moz:windowless: false, pageLoadStrategy: normal, platformName: windows, proxy: Proxy(), se:cdp: ws://127.0.0.1:9438/devtool..., se:cdpVersion: 85.0, setWindowRect: true, strictFileInteractability: false, timeouts: {implicit: 0, pageLoad: 300000, script: 30000}, unhandledPromptBehavior: dismiss and notify}]]>
            </message>
            <full-stacktrace>
              <![CDATA[org.openqa.selenium.NoSuchSessionException: Session ID is null. Using WebDriver after calling quit()?
Build info: version: '4.16.1', revision: '9b4c83354e'
System info: os.name: 'Windows 11', os.arch: 'amd64', os.version: '10.0', java.version: '17.0.4.1'
Driver info: org.openqa.selenium.firefox.FirefoxDriver
Command: [null, screenshot {}]
Capabilities {acceptInsecureCerts: true, browserName: firefox, browserVersion: 122.0, moz:accessibilityChecks: false, moz:buildID: 20240118164516, moz:debuggerAddress: 127.0.0.1:9438, moz:geckodriverVersion: 0.34.0, moz:headless: false, moz:platformVersion: 10.0, moz:processID: 18932, moz:profile: C:\Users\palli\AppData\Loca..., moz:shutdownTimeout: 60000, moz:webdriverClick: true, moz:windowless: false, pageLoadStrategy: normal, platformName: windows, proxy: Proxy(), se:cdp: ws://127.0.0.1:9438/devtool..., se:cdpVersion: 85.0, setWindowRect: true, strictFileInteractability: false, timeouts: {implicit: 0, pageLoad: 300000, script: 30000}, unhandledPromptBehavior: dismiss and notify}
at org.openqa.selenium.remote.HttpCommandExecutor.execute(HttpCommandExecutor.java:152)
at org.openqa.selenium.remote.service.DriverCommandExecutor.invokeExecute(DriverCommandExecutor.java:200)
at org.openqa.selenium.remote.service.DriverCommandExecutor.execute(DriverCommandExecutor.java:175)
at org.openqa.selenium.remote.RemoteWebDriver.execute(RemoteWebDriver.java:523)
at org.openqa.selenium.remote.RemoteWebDriver.execute(RemoteWebDriver.java:596)
at org.openqa.selenium.remote.RemoteWebDriver.execute(RemoteWebDriver.java:600)
at org.openqa.selenium.remote.RemoteWebDriver.getScreenshotAs(RemoteWebDriver.java:326)
at com.lambdatest.tests.SimpleTestScenario.takeScreenshot(SimpleTestScenario.java:108)
at java.base/jdk.internal.reflect.NativeMethodAccessorImpl.invoke0(Native Method)
at java.base/jdk.internal.reflect.NativeMethodAccessorImpl.invoke(NativeMethodAccessorImpl.java:77)
at java.base/jdk.internal.reflect.DelegatingMethodAccessorImpl.invoke(DelegatingMethodAccessorImpl.java:43)
at java.base/java.lang.reflect.Method.invoke(Method.java:568)
at org.testng.internal.invokers.MethodInvocationHelper.invokeMethod(MethodInvocationHelper.java:139)
at org.testng.internal.invokers.MethodInvocationHelper.invokeMethodConsideringTimeout(MethodInvocationHelper.java:69)
at org.testng.internal.invokers.ConfigInvoker.invokeConfigurationMethod(ConfigInvoker.java:393)
at org.testng.internal.invokers.ConfigInvoker.invokeConfigurations(ConfigInvoker.java:326)
at org.testng.internal.invokers.TestInvoker.runConfigMethods(TestInvoker.java:810)
at org.testng.internal.invokers.TestInvoker.runAfterConfigurations(TestInvoker.java:779)
at org.testng.internal.invokers.TestInvoker.invokeMethod(TestInvoker.java:755)
at org.testng.internal.invokers.TestInvoker.invokeTestMethod(TestInvoker.java:228)
at org.testng.internal.invokers.MethodRunner.runInSequence(MethodRunner.java:63)
at org.testng.internal.invokers.TestInvoker$MethodInvocationAgent.invoke(TestInvoker.java:961)
at org.testng.internal.invokers.TestInvoker.invokeTestMethods(TestInvoker.java:201)
at org.testng.internal.invokers.TestMethodWorker.invokeTestMethods(TestMethodWorker.java:148)
at org.testng.internal.invokers.TestMethodWorker.run(TestMethodWorker.java:128)
at java.base/java.util.ArrayList.forEach(ArrayList.java:1511)
at org.testng.TestRunner.privateRun(TestRunner.java:819)
at org.testng.TestRunner.run(TestRunner.java:619)
at org.testng.SuiteRunner.runTest(SuiteRunner.java:443)
at org.testng.SuiteRunner.runSequentially(SuiteRunner.java:437)
at org.testng.SuiteRunner.privateRun(SuiteRunner.java:397)
at org.testng.SuiteRunner.run(SuiteRunner.java:336)
at org.testng.SuiteRunnerWorker.runSuite(SuiteRunnerWorker.java:52)
at org.testng.SuiteRunnerWorker.run(SuiteRunnerWorker.java:95)
at org.testng.TestNG.runSuitesSequentially(TestNG.java:1301)
at org.testng.TestNG.runSuitesLocally(TestNG.java:1228)
at org.testng.TestNG.runSuites(TestNG.java:1134)
at org.testng.TestNG.run(TestNG.java:1101)
at org.testng.remote.AbstractRemoteTestNG.run(AbstractRemoteTestNG.java:115)
at org.testng.remote.RemoteTestNG.initAndRun(RemoteTestNG.java:251)
at org.testng.remote.RemoteTestNG.main(RemoteTestNG.java:77)
]]>
            </full-stacktrace>
          </exception> <!-- org.openqa.selenium.NoSuchSessionException -->
          <reporter-output>
          </reporter-output>
        </test-method> <!-- takeScreenshot -->
      </class> <!-- com.lambdatest.tests.SimpleTestScenario -->
    </test> <!-- Selenium Playground -->
  </suite> <!-- Lambda Automation tests -->
</testng-results>
